[Sat Nov 30 02:30:01.262273 2024] [ssl:warn] [pid 19988:tid 388] AH01909: www.example.com:443:0 server certificate does NOT include an ID which matches the server name
[Sat Nov 30 02:30:01.296213 2024] [ssl:warn] [pid 19988:tid 388] AH01909: www.example.com:443:0 server certificate does NOT include an ID which matches the server name
[Sat Nov 30 02:30:02.351566 2024] [mpm_winnt:notice] [pid 19988:tid 388] AH00455: Apache/2.4.56 (Win64) OpenSSL/1.1.1t PHP/8.2.4 configured -- resuming normal operations
[Sat Nov 30 02:30:02.351566 2024] [mpm_winnt:notice] [pid 19988:tid 388] AH00456: Apache Lounge VS16 Server built: Mar  7 2023 13:21:03
[Sat Nov 30 02:30:02.351566 2024] [core:notice] [pid 19988:tid 388] AH00094: Command line: 'apache\\bin\\httpd.exe -d D:/soft/moodle2/server/apache -f conf\\httpd.conf'
[Sat Nov 30 02:30:02.358090 2024] [mpm_winnt:notice] [pid 19988:tid 388] AH00418: Parent: Created child process 8932
Apache server shutdown initiated...
sl:warn] [pid 8932:tid 408] AH01909: www.example.com:443:0 server certificate does NOT include an ID which matches the server name
[Sat Nov 30 02:30:02.613118 2024] [ssl:warn] [pid 8932:tid 408] AH01909: www.example.com:443:0 server certificate does NOT include an ID which matches the server name
[Sat Nov 30 02:30:02.651515 2024] [mpm_winnt:notice] [pid 8932:tid 408] AH00354: Child: Starting 150 worker threads.
[Sat Nov 30 02:30:09.365674 2024] [mpm_winnt:notice] [pid 19988:tid 388] AH00422: Parent: Received shutdown signal -- Shutting down the server.
[Sat Nov 30 02:30:11.398035 2024] [mpm_winnt:notice] [pid 8932:tid 408] AH00364: Child: All worker threads have exited.
[Sat Nov 30 02:30:11.454493 2024] [mpm_winnt:notice] [pid 19988:tid 388] AH00430: Parent: Child process 8932 exited successfully.
[Sat Nov 30 02:30:17.687118 2024] [ssl:warn] [pid 25592:tid 404] AH01909: www.example.com:443:0 server certificate does NOT include an ID which matches the server name
[Sat Nov 30 02:30:17.717627 2024] [ssl:warn] [pid 25592:tid 404] AH01909: www.example.com:443:0 server certificate does NOT include an ID which matches the server name
[Sat Nov 30 02:30:17.755525 2024] [mpm_winnt:notice] [pid 25592:tid 404] AH00455: Apache/2.4.56 (Win64) OpenSSL/1.1.1t PHP/8.2.4 configured -- resuming normal operations
[Sat Nov 30 02:30:17.755525 2024] [mpm_winnt:notice] [pid 25592:tid 404] AH00456: Apache Lounge VS16 Server built: Mar  7 2023 13:21:03
[Sat Nov 30 02:30:17.755525 2024] [core:notice] [pid 25592:tid 404] AH00094: Command line: 'apache\\bin\\httpd.exe -d D:/soft/moodle2/server/apache -f conf\\httpd.conf'
[Sat Nov 30 02:30:17.765040 2024] [mpm_winnt:notice] [pid 25592:tid 404] AH00418: Parent: Created child process 17340
Apache server shutdown initiated...
sl:warn] [pid 17340:tid 404] AH01909: www.example.com:443:0 server certificate does NOT include an ID which matches the server name
[Sat Nov 30 02:30:18.144486 2024] [ssl:warn] [pid 17340:tid 404] AH01909: www.example.com:443:0 server certificate does NOT include an ID which matches the server name
[Sat Nov 30 02:30:18.176249 2024] [mpm_winnt:notice] [pid 17340:tid 404] AH00354: Child: Starting 150 worker threads.
[Sat Nov 30 02:30:19.977448 2024] [mpm_winnt:notice] [pid 25592:tid 404] AH00422: Parent: Received shutdown signal -- Shutting down the server.
[Sat Nov 30 02:30:21.995508 2024] [mpm_winnt:notice] [pid 17340:tid 404] AH00364: Child: All worker threads have exited.
[Sat Nov 30 02:30:22.017014 2024] [mpm_winnt:notice] [pid 25592:tid 404] AH00430: Parent: Child process 17340 exited successfully.
[Sat Nov 30 02:30:29.234834 2024] [ssl:warn] [pid 11776:tid 396] AH01909: www.example.com:443:0 server certificate does NOT include an ID which matches the server name
[Sat Nov 30 02:30:29.262876 2024] [ssl:warn] [pid 11776:tid 396] AH01909: www.example.com:443:0 server certificate does NOT include an ID which matches the server name
[Sat Nov 30 02:30:29.292977 2024] [mpm_winnt:notice] [pid 11776:tid 396] AH00455: Apache/2.4.56 (Win64) OpenSSL/1.1.1t PHP/8.2.4 configured -- resuming normal operations
[Sat Nov 30 02:30:29.292977 2024] [mpm_winnt:notice] [pid 11776:tid 396] AH00456: Apache Lounge VS16 Server built: Mar  7 2023 13:21:03
[Sat Nov 30 02:30:29.292977 2024] [core:notice] [pid 11776:tid 396] AH00094: Command line: 'd:\\soft\\moodle2\\server\\apache\\bin\\httpd.exe -d D:/soft/moodle2/server/apache'
[Sat Nov 30 02:30:29.297493 2024] [mpm_winnt:notice] [pid 11776:tid 396] AH00418: Parent: Created child process 12792
[Sat Nov 30 02:30:29.535406 2024] [ssl:warn] [pid 12792:tid 412] AH01909: www.example.com:443:0 server certificate does NOT include an ID which matches the server name
[Sat Nov 30 02:30:29.567506 2024] [ssl:warn] [pid 12792:tid 412] AH01909: www.example.com:443:0 server certificate does NOT include an ID which matches the server name
[Sat Nov 30 02:30:29.599539 2024] [mpm_winnt:notice] [pid 12792:tid 412] AH00354: Child: Starting 150 worker threads.
[Tue Dec 03 11:07:14.080415 2024] [ssl:warn] [pid 16244:tid 376] AH01909: www.example.com:443:0 server certificate does NOT include an ID which matches the server name
[Tue Dec 03 11:07:14.114752 2024] [core:warn] [pid 16244:tid 376] AH00098: pid file D:/soft/moodle2/server/apache/logs/httpd.pid overwritten -- Unclean shutdown of previous Apache run?
[Tue Dec 03 11:07:14.124416 2024] [ssl:warn] [pid 16244:tid 376] AH01909: www.example.com:443:0 server certificate does NOT include an ID which matches the server name
[Tue Dec 03 11:07:15.381397 2024] [mpm_winnt:notice] [pid 16244:tid 376] AH00455: Apache/2.4.56 (Win64) OpenSSL/1.1.1t PHP/8.2.4 configured -- resuming normal operations
[Tue Dec 03 11:07:15.381397 2024] [mpm_winnt:notice] [pid 16244:tid 376] AH00456: Apache Lounge VS16 Server built: Mar  7 2023 13:21:03
[Tue Dec 03 11:07:15.381397 2024] [core:notice] [pid 16244:tid 376] AH00094: Command line: 'apache\\bin\\httpd.exe -d D:/soft/moodle2/server/apache -f conf\\httpd.conf'
[Tue Dec 03 11:07:15.381397 2024] [mpm_winnt:notice] [pid 16244:tid 376] AH00418: Parent: Created child process 16108
[Tue Dec 03 11:07:15.653817 2024] [ssl:warn] [pid 16108:tid 372] AH01909: www.example.com:443:0 server certificate does NOT include an ID which matches the server name
[Tue Dec 03 11:07:15.684011 2024] [ssl:warn] [pid 16108:tid 372] AH01909: www.example.com:443:0 server certificate does NOT include an ID which matches the server name
[Tue Dec 03 11:07:15.714717 2024] [mpm_winnt:notice] [pid 16108:tid 372] AH00354: Child: Starting 150 worker threads.
[Tue Dec 03 11:17:37.016385 2024] [php:warn] [pid 16108:tid 1936] [client ::1:55451] PHP Warning:  rename(D:\\soft\\moodle2\\server\\moodledata/cache/cachestore_file/default_application/core_config/ea2-cache/.674e8660f3d297.48326520.temp,D:\\soft\\moodle2\\server\\moodledata/cache/cachestore_file/default_application/core_config/ea2-cache/ea216fcaacd93a185d97c81bcbddf5cd6c93e3cd.cache): Access is denied (code: 5) in D:\\soft\\moodle2\\server\\moodle\\cache\\stores\\file\\lib.php on line 920, referer: http://localhost/theme/styles.php?theme=boost&rev=1_1&type=all
[Tue Dec 03 14:50:05.037138 2024] [ssl:warn] [pid 15200:tid 404] AH01909: www.example.com:443:0 server certificate does NOT include an ID which matches the server name
[Tue Dec 03 14:50:05.067722 2024] [core:warn] [pid 15200:tid 404] AH00098: pid file D:/soft/moodle2/server/apache/logs/httpd.pid overwritten -- Unclean shutdown of previous Apache run?
[Tue Dec 03 14:50:05.083361 2024] [ssl:warn] [pid 15200:tid 404] AH01909: www.example.com:443:0 server certificate does NOT include an ID which matches the server name
[Tue Dec 03 14:50:06.529826 2024] [mpm_winnt:notice] [pid 15200:tid 404] AH00455: Apache/2.4.56 (Win64) OpenSSL/1.1.1t PHP/8.2.4 configured -- resuming normal operations
[Tue Dec 03 14:50:06.529826 2024] [mpm_winnt:notice] [pid 15200:tid 404] AH00456: Apache Lounge VS16 Server built: Mar  7 2023 13:21:03
[Tue Dec 03 14:50:06.529826 2024] [core:notice] [pid 15200:tid 404] AH00094: Command line: 'apache\\bin\\httpd.exe -d D:/soft/moodle2/server/apache -f conf\\httpd.conf'
[Tue Dec 03 14:50:06.532415 2024] [mpm_winnt:notice] [pid 15200:tid 404] AH00418: Parent: Created child process 9340
Apache server shutdown initiated...
sl:warn] [pid 9340:tid 372] AH01909: www.example.com:443:0 server certificate does NOT include an ID which matches the server name
[Tue Dec 03 14:50:06.994054 2024] [ssl:warn] [pid 9340:tid 372] AH01909: www.example.com:443:0 server certificate does NOT include an ID which matches the server name
[Tue Dec 03 14:50:07.049750 2024] [mpm_winnt:notice] [pid 9340:tid 372] AH00354: Child: Starting 150 worker threads.
[Tue Dec 03 15:16:42.624292 2024] [core:error] [pid 9340:tid 1928] (20024)The given path is misformatted or contained invalid characters: [client ::1:56643] AH00127: Cannot map GET /theme/degrade/style/[[font:theme%7Cfa-solid-900.woff2]] HTTP/1.1 to file, referer: http://localhost/theme/degrade/style/style.css
[Tue Dec 03 15:16:42.686986 2024] [core:error] [pid 9340:tid 1928] (20024)The given path is misformatted or contained invalid characters: [client ::1:56643] AH00127: Cannot map GET /theme/degrade/style/[[font:theme%7Cfa-solid-900.ttf]] HTTP/1.1 to file, referer: http://localhost/theme/degrade/style/style.css
[Tue Dec 03 23:16:23.327662 2024] [mpm_winnt:notice] [pid 15200:tid 404] AH00422: Parent: Received shutdown signal -- Shutting down the server.
[Thu Dec 05 09:05:20.406458 2024] [ssl:warn] [pid 15292:tid 396] AH01909: www.example.com:443:0 server certificate does NOT include an ID which matches the server name
[Thu Dec 05 09:05:20.439398 2024] [core:warn] [pid 15292:tid 396] AH00098: pid file D:/soft/moodle2/server/apache/logs/httpd.pid overwritten -- Unclean shutdown of previous Apache run?
[Thu Dec 05 09:05:20.441303 2024] [ssl:warn] [pid 15292:tid 396] AH01909: www.example.com:443:0 server certificate does NOT include an ID which matches the server name
[Thu Dec 05 09:05:21.385819 2024] [mpm_winnt:notice] [pid 15292:tid 396] AH00455: Apache/2.4.56 (Win64) OpenSSL/1.1.1t PHP/8.2.4 configured -- resuming normal operations
[Thu Dec 05 09:05:21.385819 2024] [mpm_winnt:notice] [pid 15292:tid 396] AH00456: Apache Lounge VS16 Server built: Mar  7 2023 13:21:03
[Thu Dec 05 09:05:21.385819 2024] [core:notice] [pid 15292:tid 396] AH00094: Command line: 'apache\\bin\\httpd.exe -d D:/soft/moodle2/server/apache -f conf\\httpd.conf'
[Thu Dec 05 09:05:21.385819 2024] [mpm_winnt:notice] [pid 15292:tid 396] AH00418: Parent: Created child process 20004
Apache server shutdown initiated...
sl:warn] [pid 20004:tid 372] AH01909: www.example.com:443:0 server certificate does NOT include an ID which matches the server name
[Thu Dec 05 09:05:21.668874 2024] [ssl:warn] [pid 20004:tid 372] AH01909: www.example.com:443:0 server certificate does NOT include an ID which matches the server name
[Thu Dec 05 09:05:21.700214 2024] [mpm_winnt:notice] [pid 20004:tid 372] AH00354: Child: Starting 150 worker threads.
[Thu Dec 05 22:08:56.595339 2024] [mpm_winnt:notice] [pid 15292:tid 396] AH00422: Parent: Received shutdown signal -- Shutting down the server.
[Thu Dec 05 22:08:58.627220 2024] [mpm_winnt:notice] [pid 20004:tid 372] AH00364: Child: All worker threads have exited.
[Thu Dec 05 22:08:59.298151 2024] [mpm_winnt:notice] [pid 15292:tid 396] AH00430: Parent: Child process 20004 exited successfully.
[Thu Dec 05 22:09:04.001970 2024] [ssl:warn] [pid 21596:tid 412] AH01909: www.example.com:443:0 server certificate does NOT include an ID which matches the server name
[Thu Dec 05 22:09:04.051612 2024] [ssl:warn] [pid 21596:tid 412] AH01909: www.example.com:443:0 server certificate does NOT include an ID which matches the server name
[Thu Dec 05 22:09:06.004940 2024] [mpm_winnt:notice] [pid 21596:tid 412] AH00455: Apache/2.4.56 (Win64) OpenSSL/1.1.1t PHP/8.2.4 configured -- resuming normal operations
[Thu Dec 05 22:09:06.004940 2024] [mpm_winnt:notice] [pid 21596:tid 412] AH00456: Apache Lounge VS16 Server built: Mar  7 2023 13:21:03
[Thu Dec 05 22:09:06.004940 2024] [core:notice] [pid 21596:tid 412] AH00094: Command line: 'd:\\soft\\moodle2\\server\\apache\\bin\\httpd.exe -d D:/soft/moodle2/server/apache'
[Thu Dec 05 22:09:06.013426 2024] [mpm_winnt:notice] [pid 21596:tid 412] AH00418: Parent: Created child process 17220
[Thu Dec 05 22:09:06.441498 2024] [ssl:warn] [pid 17220:tid 424] AH01909: www.example.com:443:0 server certificate does NOT include an ID which matches the server name
[Thu Dec 05 22:09:06.476960 2024] [ssl:warn] [pid 17220:tid 424] AH01909: www.example.com:443:0 server certificate does NOT include an ID which matches the server name
[Thu Dec 05 22:09:06.533823 2024] [mpm_winnt:notice] [pid 17220:tid 424] AH00354: Child: Starting 150 worker threads.
[Fri Dec 06 22:30:26.316384 2024] [ssl:warn] [pid 2392:tid 376] AH01909: www.example.com:443:0 server certificate does NOT include an ID which matches the server name
[Fri Dec 06 22:30:26.353139 2024] [core:warn] [pid 2392:tid 376] AH00098: pid file D:/soft/moodle2/server/apache/logs/httpd.pid overwritten -- Unclean shutdown of previous Apache run?
[Fri Dec 06 22:30:26.356147 2024] [ssl:warn] [pid 2392:tid 376] AH01909: www.example.com:443:0 server certificate does NOT include an ID which matches the server name
[Fri Dec 06 22:30:28.035866 2024] [mpm_winnt:notice] [pid 2392:tid 376] AH00455: Apache/2.4.56 (Win64) OpenSSL/1.1.1t PHP/8.2.4 configured -- resuming normal operations
[Fri Dec 06 22:30:28.035866 2024] [mpm_winnt:notice] [pid 2392:tid 376] AH00456: Apache Lounge VS16 Server built: Mar  7 2023 13:21:03
[Fri Dec 06 22:30:28.035866 2024] [core:notice] [pid 2392:tid 376] AH00094: Command line: 'apache\\bin\\httpd.exe -d D:/soft/moodle2/server/apache -f conf\\httpd.conf'
[Fri Dec 06 22:30:28.044324 2024] [mpm_winnt:notice] [pid 2392:tid 376] AH00418: Parent: Created child process 19696
[Fri Dec 06 22:30:28.685273 2024] [ssl:warn] [pid 19696:tid 380] AH01909: www.example.com:443:0 server certificate does NOT include an ID which matches the server name
[Fri Dec 06 22:30:28.725696 2024] [ssl:warn] [pid 19696:tid 380] AH01909: www.example.com:443:0 server certificate does NOT include an ID which matches the server name
[Fri Dec 06 22:30:28.800601 2024] [mpm_winnt:notice] [pid 19696:tid 380] AH00354: Child: Starting 150 worker threads.
